DEB [20180301-22:20:23.514] thr=1   paramiko.transport: starting thread (client mode): 0x20baafd0
DEB [20180301-22:20:23.515] thr=1   paramiko.transport: Local version/idstring: SSH-2.0-paramiko_2.4.0
DEB [20180301-22:20:23.631] thr=1   paramiko.transport: Remote version/idstring: SSH-2.0-OpenSSH_7.4p1 Raspbian-10+deb9u2
INF [20180301-22:20:23.631] thr=1   paramiko.transport: Connected (version 2.0, client OpenSSH_7.4p1)
DEB [20180301-22:20:23.642] thr=1   paramiko.transport: kex algos:['curve25519-sha256', 'curve25519-sha256@libssh.org', 'ecdh-sha2-nistp256', 'ecdh-sha2-nistp384', 'ecdh-sha2-nistp521', 'diffie-hellman-group-exchange-sha256', 'diffie-hellman-group16-sha512', 'diffie-hellman-group18-sha512', 'diffie-hellman-group14-sha256', 'diffie-hellman-group14-sha1'] server key:['ssh-rsa', 'rsa-sha2-512', 'rsa-sha2-256', 'ecdsa-sha2-nistp256', 'ssh-ed25519'] client encrypt:['chacha20-poly1305@openssh.com', 'aes128-ctr', 'aes192-ctr', 'aes256-ctr', 'aes128-gcm@openssh.com', 'aes256-gcm@openssh.com'] server encrypt:['chacha20-poly1305@openssh.com', 'aes128-ctr', 'aes192-ctr', 'aes256-ctr', 'aes128-gcm@openssh.com', 'aes256-gcm@openssh.com'] client mac:['umac-64-etm@openssh.com', 'umac-128-etm@openssh.com', 'hmac-sha2-256-etm@openssh.com', 'hmac-sha2-512-etm@openssh.com', 'hmac-sha1-etm@openssh.com', 'umac-64@openssh.com', 'umac-128@openssh.com', 'hmac-sha2-256', 'hmac-sha2-512', 'hmac-sha1'] server mac:['umac-64-etm@openssh.com', 'umac-128-etm@openssh.com', 'hmac-sha2-256-etm@openssh.com', 'hmac-sha2-512-etm@openssh.com', 'hmac-sha1-etm@openssh.com', 'umac-64@openssh.com', 'umac-128@openssh.com', 'hmac-sha2-256', 'hmac-sha2-512', 'hmac-sha1'] client compress:['none', 'zlib@openssh.com'] server compress:['none', 'zlib@openssh.com'] client lang:[''] server lang:[''] kex follows?False
DEB [20180301-22:20:23.642] thr=1   paramiko.transport: Kex agreed: ecdh-sha2-nistp256
DEB [20180301-22:20:23.643] thr=1   paramiko.transport: HostKey agreed: ecdsa-sha2-nistp256
DEB [20180301-22:20:23.643] thr=1   paramiko.transport: Cipher agreed: aes128-ctr
DEB [20180301-22:20:23.643] thr=1   paramiko.transport: MAC agreed: hmac-sha2-256
DEB [20180301-22:20:23.643] thr=1   paramiko.transport: Compression agreed: none
DEB [20180301-22:20:23.694] thr=1   paramiko.transport: kex engine KexNistp256 specified hash_algo <built-in function openssl_sha256>
DEB [20180301-22:20:23.695] thr=1   paramiko.transport: Switch to new keys ...
DEB [20180301-22:20:23.727] thr=2   paramiko.transport: Trying discovered key b'1b77a9dbbc9bec570e2edb2795b89817' in /Users/georgehito/.ssh/id_rsa
DEB [20180301-22:20:23.747] thr=1   paramiko.transport: userauth is OK
INF [20180301-22:20:23.797] thr=1   paramiko.transport: Authentication (publickey) failed.
DEB [20180301-22:20:23.799] thr=1   paramiko.transport: userauth is OK
INF [20180301-22:20:24.015] thr=1   paramiko.transport: Authentication (password) successful!
DEB [20180301-22:20:24.018] thr=2   paramiko.transport: [chan 0] Max packet in: 32768 bytes
DEB [20180301-22:20:24.466] thr=1   paramiko.transport: Received global request "hostkeys-00@openssh.com"
DEB [20180301-22:20:24.467] thr=1   paramiko.transport: Rejecting "hostkeys-00@openssh.com" global request from server.
DEB [20180301-22:20:24.477] thr=1   paramiko.transport: [chan 0] Max packet out: 32768 bytes
DEB [20180301-22:20:24.477] thr=1   paramiko.transport: Secsh channel 0 opened.
DEB [20180301-22:20:24.495] thr=1   paramiko.transport: [chan 0] Sesch channel 0 request ok
DEB [20180301-22:20:24.501] thr=1   paramiko.transport: [chan 0] Sesch channel 0 request ok
DEB [20180301-22:21:05.832] thr=1   paramiko.transport: EOF in transport thread
DEB [20180301-22:21:15.788] thr=1   paramiko.transport: starting thread (client mode): 0x17f56e48
DEB [20180301-22:21:15.788] thr=1   paramiko.transport: Local version/idstring: SSH-2.0-paramiko_2.4.0
DEB [20180301-22:21:15.963] thr=1   paramiko.transport: Remote version/idstring: SSH-2.0-OpenSSH_7.4p1 Raspbian-10+deb9u2
INF [20180301-22:21:15.963] thr=1   paramiko.transport: Connected (version 2.0, client OpenSSH_7.4p1)
DEB [20180301-22:21:15.984] thr=1   paramiko.transport: kex algos:['curve25519-sha256', 'curve25519-sha256@libssh.org', 'ecdh-sha2-nistp256', 'ecdh-sha2-nistp384', 'ecdh-sha2-nistp521', 'diffie-hellman-group-exchange-sha256', 'diffie-hellman-group16-sha512', 'diffie-hellman-group18-sha512', 'diffie-hellman-group14-sha256', 'diffie-hellman-group14-sha1'] server key:['ssh-rsa', 'rsa-sha2-512', 'rsa-sha2-256', 'ecdsa-sha2-nistp256', 'ssh-ed25519'] client encrypt:['chacha20-poly1305@openssh.com', 'aes128-ctr', 'aes192-ctr', 'aes256-ctr', 'aes128-gcm@openssh.com', 'aes256-gcm@openssh.com'] server encrypt:['chacha20-poly1305@openssh.com', 'aes128-ctr', 'aes192-ctr', 'aes256-ctr', 'aes128-gcm@openssh.com', 'aes256-gcm@openssh.com'] client mac:['umac-64-etm@openssh.com', 'umac-128-etm@openssh.com', 'hmac-sha2-256-etm@openssh.com', 'hmac-sha2-512-etm@openssh.com', 'hmac-sha1-etm@openssh.com', 'umac-64@openssh.com', 'umac-128@openssh.com', 'hmac-sha2-256', 'hmac-sha2-512', 'hmac-sha1'] server mac:['umac-64-etm@openssh.com', 'umac-128-etm@openssh.com', 'hmac-sha2-256-etm@openssh.com', 'hmac-sha2-512-etm@openssh.com', 'hmac-sha1-etm@openssh.com', 'umac-64@openssh.com', 'umac-128@openssh.com', 'hmac-sha2-256', 'hmac-sha2-512', 'hmac-sha1'] client compress:['none', 'zlib@openssh.com'] server compress:['none', 'zlib@openssh.com'] client lang:[''] server lang:[''] kex follows?False
DEB [20180301-22:21:15.984] thr=1   paramiko.transport: Kex agreed: ecdh-sha2-nistp256
DEB [20180301-22:21:15.985] thr=1   paramiko.transport: HostKey agreed: ecdsa-sha2-nistp256
DEB [20180301-22:21:15.985] thr=1   paramiko.transport: Cipher agreed: aes128-ctr
DEB [20180301-22:21:15.985] thr=1   paramiko.transport: MAC agreed: hmac-sha2-256
DEB [20180301-22:21:15.985] thr=1   paramiko.transport: Compression agreed: none
DEB [20180301-22:21:16.041] thr=1   paramiko.transport: kex engine KexNistp256 specified hash_algo <built-in function openssl_sha256>
DEB [20180301-22:21:16.043] thr=1   paramiko.transport: Switch to new keys ...
DEB [20180301-22:21:16.047] thr=2   paramiko.transport: Trying discovered key b'1b77a9dbbc9bec570e2edb2795b89817' in /Users/georgehito/.ssh/id_rsa
DEB [20180301-22:21:16.055] thr=1   paramiko.transport: userauth is OK
INF [20180301-22:21:16.126] thr=1   paramiko.transport: Authentication (publickey) failed.
DEB [20180301-22:21:16.132] thr=1   paramiko.transport: userauth is OK
INF [20180301-22:21:16.423] thr=1   paramiko.transport: Authentication (password) successful!
DEB [20180301-22:21:16.424] thr=2   paramiko.transport: [chan 0] Max packet in: 32768 bytes
DEB [20180301-22:21:16.895] thr=1   paramiko.transport: Received global request "hostkeys-00@openssh.com"
DEB [20180301-22:21:16.895] thr=1   paramiko.transport: Rejecting "hostkeys-00@openssh.com" global request from server.
DEB [20180301-22:21:16.905] thr=1   paramiko.transport: [chan 0] Max packet out: 32768 bytes
DEB [20180301-22:21:16.906] thr=1   paramiko.transport: Secsh channel 0 opened.
DEB [20180301-22:21:16.929] thr=1   paramiko.transport: [chan 0] Sesch channel 0 request ok
DEB [20180301-22:21:16.935] thr=1   paramiko.transport: [chan 0] Sesch channel 0 request ok
DEB [20180301-22:21:44.593] thr=1   paramiko.transport: EOF in transport thread
DEB [20180301-22:22:05.949] thr=1   paramiko.transport: starting thread (client mode): 0x14a50c50
DEB [20180301-22:22:05.949] thr=1   paramiko.transport: Local version/idstring: SSH-2.0-paramiko_2.4.0
DEB [20180301-22:22:06.108] thr=1   paramiko.transport: Remote version/idstring: SSH-2.0-OpenSSH_7.4p1 Raspbian-10+deb9u2
INF [20180301-22:22:06.108] thr=1   paramiko.transport: Connected (version 2.0, client OpenSSH_7.4p1)
DEB [20180301-22:22:06.120] thr=1   paramiko.transport: kex algos:['curve25519-sha256', 'curve25519-sha256@libssh.org', 'ecdh-sha2-nistp256', 'ecdh-sha2-nistp384', 'ecdh-sha2-nistp521', 'diffie-hellman-group-exchange-sha256', 'diffie-hellman-group16-sha512', 'diffie-hellman-group18-sha512', 'diffie-hellman-group14-sha256', 'diffie-hellman-group14-sha1'] server key:['ssh-rsa', 'rsa-sha2-512', 'rsa-sha2-256', 'ecdsa-sha2-nistp256', 'ssh-ed25519'] client encrypt:['chacha20-poly1305@openssh.com', 'aes128-ctr', 'aes192-ctr', 'aes256-ctr', 'aes128-gcm@openssh.com', 'aes256-gcm@openssh.com'] server encrypt:['chacha20-poly1305@openssh.com', 'aes128-ctr', 'aes192-ctr', 'aes256-ctr', 'aes128-gcm@openssh.com', 'aes256-gcm@openssh.com'] client mac:['umac-64-etm@openssh.com', 'umac-128-etm@openssh.com', 'hmac-sha2-256-etm@openssh.com', 'hmac-sha2-512-etm@openssh.com', 'hmac-sha1-etm@openssh.com', 'umac-64@openssh.com', 'umac-128@openssh.com', 'hmac-sha2-256', 'hmac-sha2-512', 'hmac-sha1'] server mac:['umac-64-etm@openssh.com', 'umac-128-etm@openssh.com', 'hmac-sha2-256-etm@openssh.com', 'hmac-sha2-512-etm@openssh.com', 'hmac-sha1-etm@openssh.com', 'umac-64@openssh.com', 'umac-128@openssh.com', 'hmac-sha2-256', 'hmac-sha2-512', 'hmac-sha1'] client compress:['none', 'zlib@openssh.com'] server compress:['none', 'zlib@openssh.com'] client lang:[''] server lang:[''] kex follows?False
DEB [20180301-22:22:06.120] thr=1   paramiko.transport: Kex agreed: ecdh-sha2-nistp256
DEB [20180301-22:22:06.120] thr=1   paramiko.transport: HostKey agreed: ecdsa-sha2-nistp256
DEB [20180301-22:22:06.120] thr=1   paramiko.transport: Cipher agreed: aes128-ctr
DEB [20180301-22:22:06.120] thr=1   paramiko.transport: MAC agreed: hmac-sha2-256
DEB [20180301-22:22:06.120] thr=1   paramiko.transport: Compression agreed: none
DEB [20180301-22:22:06.178] thr=1   paramiko.transport: kex engine KexNistp256 specified hash_algo <built-in function openssl_sha256>
DEB [20180301-22:22:06.182] thr=1   paramiko.transport: Switch to new keys ...
DEB [20180301-22:22:06.184] thr=2   paramiko.transport: Trying discovered key b'1b77a9dbbc9bec570e2edb2795b89817' in /Users/georgehito/.ssh/id_rsa
DEB [20180301-22:22:06.188] thr=1   paramiko.transport: userauth is OK
INF [20180301-22:22:06.252] thr=1   paramiko.transport: Authentication (publickey) failed.
DEB [20180301-22:22:06.256] thr=1   paramiko.transport: userauth is OK
INF [20180301-22:22:06.534] thr=1   paramiko.transport: Authentication (password) successful!
DEB [20180301-22:22:06.535] thr=2   paramiko.transport: [chan 0] Max packet in: 32768 bytes
DEB [20180301-22:22:07.071] thr=1   paramiko.transport: Received global request "hostkeys-00@openssh.com"
DEB [20180301-22:22:07.071] thr=1   paramiko.transport: Rejecting "hostkeys-00@openssh.com" global request from server.
DEB [20180301-22:22:07.080] thr=1   paramiko.transport: [chan 0] Max packet out: 32768 bytes
DEB [20180301-22:22:07.081] thr=1   paramiko.transport: Secsh channel 0 opened.
DEB [20180301-22:22:07.103] thr=1   paramiko.transport: [chan 0] Sesch channel 0 request ok
DEB [20180301-22:22:07.109] thr=1   paramiko.transport: [chan 0] Sesch channel 0 request ok
DEB [20180301-22:22:23.973] thr=2   paramiko.transport: [chan 0] EOF sent (0)
DEB [20180301-22:22:23.989] thr=1   paramiko.transport: EOF in transport thread
DEB [20180301-22:23:36.812] thr=1   paramiko.transport: starting thread (client mode): 0x1321ed30
DEB [20180301-22:23:36.814] thr=1   paramiko.transport: Local version/idstring: SSH-2.0-paramiko_2.4.0
DEB [20180301-22:23:37.183] thr=1   paramiko.transport: Remote version/idstring: SSH-2.0-OpenSSH_7.4p1 Raspbian-10+deb9u2
INF [20180301-22:23:37.183] thr=1   paramiko.transport: Connected (version 2.0, client OpenSSH_7.4p1)
DEB [20180301-22:23:37.195] thr=1   paramiko.transport: kex algos:['curve25519-sha256', 'curve25519-sha256@libssh.org', 'ecdh-sha2-nistp256', 'ecdh-sha2-nistp384', 'ecdh-sha2-nistp521', 'diffie-hellman-group-exchange-sha256', 'diffie-hellman-group16-sha512', 'diffie-hellman-group18-sha512', 'diffie-hellman-group14-sha256', 'diffie-hellman-group14-sha1'] server key:['ssh-rsa', 'rsa-sha2-512', 'rsa-sha2-256', 'ecdsa-sha2-nistp256', 'ssh-ed25519'] client encrypt:['chacha20-poly1305@openssh.com', 'aes128-ctr', 'aes192-ctr', 'aes256-ctr', 'aes128-gcm@openssh.com', 'aes256-gcm@openssh.com'] server encrypt:['chacha20-poly1305@openssh.com', 'aes128-ctr', 'aes192-ctr', 'aes256-ctr', 'aes128-gcm@openssh.com', 'aes256-gcm@openssh.com'] client mac:['umac-64-etm@openssh.com', 'umac-128-etm@openssh.com', 'hmac-sha2-256-etm@openssh.com', 'hmac-sha2-512-etm@openssh.com', 'hmac-sha1-etm@openssh.com', 'umac-64@openssh.com', 'umac-128@openssh.com', 'hmac-sha2-256', 'hmac-sha2-512', 'hmac-sha1'] server mac:['umac-64-etm@openssh.com', 'umac-128-etm@openssh.com', 'hmac-sha2-256-etm@openssh.com', 'hmac-sha2-512-etm@openssh.com', 'hmac-sha1-etm@openssh.com', 'umac-64@openssh.com', 'umac-128@openssh.com', 'hmac-sha2-256', 'hmac-sha2-512', 'hmac-sha1'] client compress:['none', 'zlib@openssh.com'] server compress:['none', 'zlib@openssh.com'] client lang:[''] server lang:[''] kex follows?False
DEB [20180301-22:23:37.195] thr=1   paramiko.transport: Kex agreed: ecdh-sha2-nistp256
DEB [20180301-22:23:37.196] thr=1   paramiko.transport: HostKey agreed: ecdsa-sha2-nistp256
DEB [20180301-22:23:37.196] thr=1   paramiko.transport: Cipher agreed: aes128-ctr
DEB [20180301-22:23:37.196] thr=1   paramiko.transport: MAC agreed: hmac-sha2-256
DEB [20180301-22:23:37.196] thr=1   paramiko.transport: Compression agreed: none
DEB [20180301-22:23:37.303] thr=1   paramiko.transport: kex engine KexNistp256 specified hash_algo <built-in function openssl_sha256>
DEB [20180301-22:23:37.304] thr=1   paramiko.transport: Switch to new keys ...
DEB [20180301-22:23:37.310] thr=2   paramiko.transport: Trying discovered key b'1b77a9dbbc9bec570e2edb2795b89817' in /Users/georgehito/.ssh/id_rsa
DEB [20180301-22:23:37.313] thr=1   paramiko.transport: userauth is OK
INF [20180301-22:23:37.437] thr=1   paramiko.transport: Authentication (publickey) failed.
DEB [20180301-22:23:37.442] thr=1   paramiko.transport: userauth is OK
INF [20180301-22:23:38.208] thr=1   paramiko.transport: Authentication (password) successful!
DEB [20180301-22:23:38.208] thr=2   paramiko.transport: [chan 0] Max packet in: 32768 bytes
DEB [20180301-22:23:38.797] thr=1   paramiko.transport: Received global request "hostkeys-00@openssh.com"
DEB [20180301-22:23:38.797] thr=1   paramiko.transport: Rejecting "hostkeys-00@openssh.com" global request from server.
DEB [20180301-22:23:38.798] thr=1   paramiko.transport: [chan 0] Max packet out: 32768 bytes
DEB [20180301-22:23:38.798] thr=1   paramiko.transport: Secsh channel 0 opened.
DEB [20180301-22:23:38.820] thr=1   paramiko.transport: [chan 0] Sesch channel 0 request ok
DEB [20180301-22:23:38.832] thr=1   paramiko.transport: [chan 0] Sesch channel 0 request ok
DEB [20180301-22:24:22.653] thr=1   paramiko.transport: EOF in transport thread
DEB [20180301-22:25:03.910] thr=1   paramiko.transport: starting thread (client mode): 0x17c4de80
DEB [20180301-22:25:03.911] thr=1   paramiko.transport: Local version/idstring: SSH-2.0-paramiko_2.4.0
DEB [20180301-22:25:04.052] thr=1   paramiko.transport: Remote version/idstring: SSH-2.0-OpenSSH_7.4p1 Raspbian-10+deb9u2
INF [20180301-22:25:04.052] thr=1   paramiko.transport: Connected (version 2.0, client OpenSSH_7.4p1)
DEB [20180301-22:25:04.062] thr=1   paramiko.transport: kex algos:['curve25519-sha256', 'curve25519-sha256@libssh.org', 'ecdh-sha2-nistp256', 'ecdh-sha2-nistp384', 'ecdh-sha2-nistp521', 'diffie-hellman-group-exchange-sha256', 'diffie-hellman-group16-sha512', 'diffie-hellman-group18-sha512', 'diffie-hellman-group14-sha256', 'diffie-hellman-group14-sha1'] server key:['ssh-rsa', 'rsa-sha2-512', 'rsa-sha2-256', 'ecdsa-sha2-nistp256', 'ssh-ed25519'] client encrypt:['chacha20-poly1305@openssh.com', 'aes128-ctr', 'aes192-ctr', 'aes256-ctr', 'aes128-gcm@openssh.com', 'aes256-gcm@openssh.com'] server encrypt:['chacha20-poly1305@openssh.com', 'aes128-ctr', 'aes192-ctr', 'aes256-ctr', 'aes128-gcm@openssh.com', 'aes256-gcm@openssh.com'] client mac:['umac-64-etm@openssh.com', 'umac-128-etm@openssh.com', 'hmac-sha2-256-etm@openssh.com', 'hmac-sha2-512-etm@openssh.com', 'hmac-sha1-etm@openssh.com', 'umac-64@openssh.com', 'umac-128@openssh.com', 'hmac-sha2-256', 'hmac-sha2-512', 'hmac-sha1'] server mac:['umac-64-etm@openssh.com', 'umac-128-etm@openssh.com', 'hmac-sha2-256-etm@openssh.com', 'hmac-sha2-512-etm@openssh.com', 'hmac-sha1-etm@openssh.com', 'umac-64@openssh.com', 'umac-128@openssh.com', 'hmac-sha2-256', 'hmac-sha2-512', 'hmac-sha1'] client compress:['none', 'zlib@openssh.com'] server compress:['none', 'zlib@openssh.com'] client lang:[''] server lang:[''] kex follows?False
DEB [20180301-22:25:04.062] thr=1   paramiko.transport: Kex agreed: ecdh-sha2-nistp256
DEB [20180301-22:25:04.063] thr=1   paramiko.transport: HostKey agreed: ecdsa-sha2-nistp256
DEB [20180301-22:25:04.063] thr=1   paramiko.transport: Cipher agreed: aes128-ctr
DEB [20180301-22:25:04.063] thr=1   paramiko.transport: MAC agreed: hmac-sha2-256
DEB [20180301-22:25:04.063] thr=1   paramiko.transport: Compression agreed: none
DEB [20180301-22:25:04.139] thr=1   paramiko.transport: kex engine KexNistp256 specified hash_algo <built-in function openssl_sha256>
DEB [20180301-22:25:04.140] thr=1   paramiko.transport: Switch to new keys ...
DEB [20180301-22:25:04.143] thr=2   paramiko.transport: Trying discovered key b'1b77a9dbbc9bec570e2edb2795b89817' in /Users/georgehito/.ssh/id_rsa
DEB [20180301-22:25:04.146] thr=1   paramiko.transport: userauth is OK
INF [20180301-22:25:04.198] thr=1   paramiko.transport: Authentication (publickey) failed.
DEB [20180301-22:25:04.202] thr=1   paramiko.transport: userauth is OK
INF [20180301-22:25:04.557] thr=1   paramiko.transport: Authentication (password) successful!
DEB [20180301-22:25:04.557] thr=2   paramiko.transport: [chan 0] Max packet in: 32768 bytes
DEB [20180301-22:25:04.837] thr=1   paramiko.transport: Received global request "hostkeys-00@openssh.com"
DEB [20180301-22:25:04.837] thr=1   paramiko.transport: Rejecting "hostkeys-00@openssh.com" global request from server.
DEB [20180301-22:25:04.847] thr=1   paramiko.transport: [chan 0] Max packet out: 32768 bytes
DEB [20180301-22:25:04.847] thr=1   paramiko.transport: Secsh channel 0 opened.
DEB [20180301-22:25:04.868] thr=1   paramiko.transport: [chan 0] Sesch channel 0 request ok
DEB [20180301-22:25:04.873] thr=1   paramiko.transport: [chan 0] Sesch channel 0 request ok
DEB [20180301-22:25:15.750] thr=1   paramiko.transport: EOF in transport thread
DEB [20180301-22:33:38.717] thr=1   paramiko.transport: starting thread (client mode): 0x16abf5f8
DEB [20180301-22:33:38.718] thr=1   paramiko.transport: Local version/idstring: SSH-2.0-paramiko_2.4.0
DEB [20180301-22:33:38.818] thr=1   paramiko.transport: Remote version/idstring: SSH-2.0-OpenSSH_7.4p1 Raspbian-10+deb9u2
INF [20180301-22:33:38.820] thr=1   paramiko.transport: Connected (version 2.0, client OpenSSH_7.4p1)
DEB [20180301-22:33:38.825] thr=1   paramiko.transport: kex algos:['curve25519-sha256', 'curve25519-sha256@libssh.org', 'ecdh-sha2-nistp256', 'ecdh-sha2-nistp384', 'ecdh-sha2-nistp521', 'diffie-hellman-group-exchange-sha256', 'diffie-hellman-group16-sha512', 'diffie-hellman-group18-sha512', 'diffie-hellman-group14-sha256', 'diffie-hellman-group14-sha1'] server key:['ssh-rsa', 'rsa-sha2-512', 'rsa-sha2-256', 'ecdsa-sha2-nistp256', 'ssh-ed25519'] client encrypt:['chacha20-poly1305@openssh.com', 'aes128-ctr', 'aes192-ctr', 'aes256-ctr', 'aes128-gcm@openssh.com', 'aes256-gcm@openssh.com'] server encrypt:['chacha20-poly1305@openssh.com', 'aes128-ctr', 'aes192-ctr', 'aes256-ctr', 'aes128-gcm@openssh.com', 'aes256-gcm@openssh.com'] client mac:['umac-64-etm@openssh.com', 'umac-128-etm@openssh.com', 'hmac-sha2-256-etm@openssh.com', 'hmac-sha2-512-etm@openssh.com', 'hmac-sha1-etm@openssh.com', 'umac-64@openssh.com', 'umac-128@openssh.com', 'hmac-sha2-256', 'hmac-sha2-512', 'hmac-sha1'] server mac:['umac-64-etm@openssh.com', 'umac-128-etm@openssh.com', 'hmac-sha2-256-etm@openssh.com', 'hmac-sha2-512-etm@openssh.com', 'hmac-sha1-etm@openssh.com', 'umac-64@openssh.com', 'umac-128@openssh.com', 'hmac-sha2-256', 'hmac-sha2-512', 'hmac-sha1'] client compress:['none', 'zlib@openssh.com'] server compress:['none', 'zlib@openssh.com'] client lang:[''] server lang:[''] kex follows?False
DEB [20180301-22:33:38.826] thr=1   paramiko.transport: Kex agreed: ecdh-sha2-nistp256
DEB [20180301-22:33:38.826] thr=1   paramiko.transport: HostKey agreed: ecdsa-sha2-nistp256
DEB [20180301-22:33:38.826] thr=1   paramiko.transport: Cipher agreed: aes128-ctr
DEB [20180301-22:33:38.826] thr=1   paramiko.transport: MAC agreed: hmac-sha2-256
DEB [20180301-22:33:38.826] thr=1   paramiko.transport: Compression agreed: none
DEB [20180301-22:33:38.879] thr=1   paramiko.transport: kex engine KexNistp256 specified hash_algo <built-in function openssl_sha256>
DEB [20180301-22:33:38.880] thr=1   paramiko.transport: Switch to new keys ...
DEB [20180301-22:33:38.883] thr=2   paramiko.transport: Trying discovered key b'1b77a9dbbc9bec570e2edb2795b89817' in /Users/georgehito/.ssh/id_rsa
DEB [20180301-22:33:38.929] thr=1   paramiko.transport: userauth is OK
INF [20180301-22:33:38.979] thr=1   paramiko.transport: Authentication (publickey) failed.
DEB [20180301-22:33:38.981] thr=1   paramiko.transport: userauth is OK
INF [20180301-22:33:39.186] thr=1   paramiko.transport: Authentication (password) successful!
DEB [20180301-22:33:39.187] thr=2   paramiko.transport: [chan 0] Max packet in: 32768 bytes
DEB [20180301-22:33:39.439] thr=1   paramiko.transport: Received global request "hostkeys-00@openssh.com"
DEB [20180301-22:33:39.439] thr=1   paramiko.transport: Rejecting "hostkeys-00@openssh.com" global request from server.
DEB [20180301-22:33:39.447] thr=1   paramiko.transport: [chan 0] Max packet out: 32768 bytes
DEB [20180301-22:33:39.447] thr=1   paramiko.transport: Secsh channel 0 opened.
DEB [20180301-22:33:39.465] thr=1   paramiko.transport: [chan 0] Sesch channel 0 request ok
DEB [20180301-22:33:39.471] thr=1   paramiko.transport: [chan 0] Sesch channel 0 request ok
DEB [20180301-22:34:17.178] thr=1   paramiko.transport: EOF in transport thread
DEB [20180301-22:34:26.789] thr=1   paramiko.transport: starting thread (client mode): 0x1f4c9e48
DEB [20180301-22:34:26.790] thr=1   paramiko.transport: Local version/idstring: SSH-2.0-paramiko_2.4.0
DEB [20180301-22:34:26.909] thr=1   paramiko.transport: Remote version/idstring: SSH-2.0-OpenSSH_7.4p1 Raspbian-10+deb9u2
INF [20180301-22:34:26.910] thr=1   paramiko.transport: Connected (version 2.0, client OpenSSH_7.4p1)
DEB [20180301-22:34:26.920] thr=1   paramiko.transport: kex algos:['curve25519-sha256', 'curve25519-sha256@libssh.org', 'ecdh-sha2-nistp256', 'ecdh-sha2-nistp384', 'ecdh-sha2-nistp521', 'diffie-hellman-group-exchange-sha256', 'diffie-hellman-group16-sha512', 'diffie-hellman-group18-sha512', 'diffie-hellman-group14-sha256', 'diffie-hellman-group14-sha1'] server key:['ssh-rsa', 'rsa-sha2-512', 'rsa-sha2-256', 'ecdsa-sha2-nistp256', 'ssh-ed25519'] client encrypt:['chacha20-poly1305@openssh.com', 'aes128-ctr', 'aes192-ctr', 'aes256-ctr', 'aes128-gcm@openssh.com', 'aes256-gcm@openssh.com'] server encrypt:['chacha20-poly1305@openssh.com', 'aes128-ctr', 'aes192-ctr', 'aes256-ctr', 'aes128-gcm@openssh.com', 'aes256-gcm@openssh.com'] client mac:['umac-64-etm@openssh.com', 'umac-128-etm@openssh.com', 'hmac-sha2-256-etm@openssh.com', 'hmac-sha2-512-etm@openssh.com', 'hmac-sha1-etm@openssh.com', 'umac-64@openssh.com', 'umac-128@openssh.com', 'hmac-sha2-256', 'hmac-sha2-512', 'hmac-sha1'] server mac:['umac-64-etm@openssh.com', 'umac-128-etm@openssh.com', 'hmac-sha2-256-etm@openssh.com', 'hmac-sha2-512-etm@openssh.com', 'hmac-sha1-etm@openssh.com', 'umac-64@openssh.com', 'umac-128@openssh.com', 'hmac-sha2-256', 'hmac-sha2-512', 'hmac-sha1'] client compress:['none', 'zlib@openssh.com'] server compress:['none', 'zlib@openssh.com'] client lang:[''] server lang:[''] kex follows?False
DEB [20180301-22:34:26.920] thr=1   paramiko.transport: Kex agreed: ecdh-sha2-nistp256
DEB [20180301-22:34:26.920] thr=1   paramiko.transport: HostKey agreed: ecdsa-sha2-nistp256
DEB [20180301-22:34:26.921] thr=1   paramiko.transport: Cipher agreed: aes128-ctr
DEB [20180301-22:34:26.921] thr=1   paramiko.transport: MAC agreed: hmac-sha2-256
DEB [20180301-22:34:26.921] thr=1   paramiko.transport: Compression agreed: none
DEB [20180301-22:34:26.967] thr=1   paramiko.transport: kex engine KexNistp256 specified hash_algo <built-in function openssl_sha256>
DEB [20180301-22:34:26.968] thr=1   paramiko.transport: Switch to new keys ...
DEB [20180301-22:34:26.974] thr=2   paramiko.transport: Trying discovered key b'1b77a9dbbc9bec570e2edb2795b89817' in /Users/georgehito/.ssh/id_rsa
DEB [20180301-22:34:27.017] thr=1   paramiko.transport: userauth is OK
INF [20180301-22:34:27.068] thr=1   paramiko.transport: Authentication (publickey) failed.
DEB [20180301-22:34:27.071] thr=1   paramiko.transport: userauth is OK
INF [20180301-22:34:27.275] thr=1   paramiko.transport: Authentication (password) successful!
DEB [20180301-22:34:27.276] thr=2   paramiko.transport: [chan 0] Max packet in: 32768 bytes
DEB [20180301-22:34:27.528] thr=1   paramiko.transport: Received global request "hostkeys-00@openssh.com"
DEB [20180301-22:34:27.528] thr=1   paramiko.transport: Rejecting "hostkeys-00@openssh.com" global request from server.
DEB [20180301-22:34:27.536] thr=1   paramiko.transport: [chan 0] Max packet out: 32768 bytes
DEB [20180301-22:34:27.536] thr=1   paramiko.transport: Secsh channel 0 opened.
DEB [20180301-22:34:27.558] thr=1   paramiko.transport: [chan 0] Sesch channel 0 request ok
DEB [20180301-22:34:27.566] thr=1   paramiko.transport: [chan 0] Sesch channel 0 request ok
DEB [20180301-22:36:13.441] thr=1   paramiko.transport: EOF in transport thread
DEB [20180301-22:46:01.149] thr=1   paramiko.transport: starting thread (client mode): 0x1a818eb8
DEB [20180301-22:46:01.149] thr=1   paramiko.transport: Local version/idstring: SSH-2.0-paramiko_2.4.0
DEB [20180301-22:46:01.289] thr=1   paramiko.transport: Remote version/idstring: SSH-2.0-OpenSSH_7.4p1 Raspbian-10+deb9u2
INF [20180301-22:46:01.290] thr=1   paramiko.transport: Connected (version 2.0, client OpenSSH_7.4p1)
DEB [20180301-22:46:01.300] thr=1   paramiko.transport: kex algos:['curve25519-sha256', 'curve25519-sha256@libssh.org', 'ecdh-sha2-nistp256', 'ecdh-sha2-nistp384', 'ecdh-sha2-nistp521', 'diffie-hellman-group-exchange-sha256', 'diffie-hellman-group16-sha512', 'diffie-hellman-group18-sha512', 'diffie-hellman-group14-sha256', 'diffie-hellman-group14-sha1'] server key:['ssh-rsa', 'rsa-sha2-512', 'rsa-sha2-256', 'ecdsa-sha2-nistp256', 'ssh-ed25519'] client encrypt:['chacha20-poly1305@openssh.com', 'aes128-ctr', 'aes192-ctr', 'aes256-ctr', 'aes128-gcm@openssh.com', 'aes256-gcm@openssh.com'] server encrypt:['chacha20-poly1305@openssh.com', 'aes128-ctr', 'aes192-ctr', 'aes256-ctr', 'aes128-gcm@openssh.com', 'aes256-gcm@openssh.com'] client mac:['umac-64-etm@openssh.com', 'umac-128-etm@openssh.com', 'hmac-sha2-256-etm@openssh.com', 'hmac-sha2-512-etm@openssh.com', 'hmac-sha1-etm@openssh.com', 'umac-64@openssh.com', 'umac-128@openssh.com', 'hmac-sha2-256', 'hmac-sha2-512', 'hmac-sha1'] server mac:['umac-64-etm@openssh.com', 'umac-128-etm@openssh.com', 'hmac-sha2-256-etm@openssh.com', 'hmac-sha2-512-etm@openssh.com', 'hmac-sha1-etm@openssh.com', 'umac-64@openssh.com', 'umac-128@openssh.com', 'hmac-sha2-256', 'hmac-sha2-512', 'hmac-sha1'] client compress:['none', 'zlib@openssh.com'] server compress:['none', 'zlib@openssh.com'] client lang:[''] server lang:[''] kex follows?False
DEB [20180301-22:46:01.300] thr=1   paramiko.transport: Kex agreed: ecdh-sha2-nistp256
DEB [20180301-22:46:01.301] thr=1   paramiko.transport: HostKey agreed: ecdsa-sha2-nistp256
DEB [20180301-22:46:01.301] thr=1   paramiko.transport: Cipher agreed: aes128-ctr
DEB [20180301-22:46:01.301] thr=1   paramiko.transport: MAC agreed: hmac-sha2-256
DEB [20180301-22:46:01.301] thr=1   paramiko.transport: Compression agreed: none
DEB [20180301-22:46:01.369] thr=1   paramiko.transport: kex engine KexNistp256 specified hash_algo <built-in function openssl_sha256>
DEB [20180301-22:46:01.370] thr=1   paramiko.transport: Switch to new keys ...
DEB [20180301-22:46:01.375] thr=2   paramiko.transport: Trying discovered key b'1b77a9dbbc9bec570e2edb2795b89817' in /Users/georgehito/.ssh/id_rsa
DEB [20180301-22:46:01.384] thr=1   paramiko.transport: userauth is OK
INF [20180301-22:46:01.447] thr=1   paramiko.transport: Authentication (publickey) failed.
DEB [20180301-22:46:01.454] thr=1   paramiko.transport: userauth is OK
INF [20180301-22:46:01.756] thr=1   paramiko.transport: Authentication (password) successful!
DEB [20180301-22:46:01.757] thr=2   paramiko.transport: [chan 0] Max packet in: 32768 bytes
DEB [20180301-22:46:02.068] thr=1   paramiko.transport: Received global request "hostkeys-00@openssh.com"
DEB [20180301-22:46:02.069] thr=1   paramiko.transport: Rejecting "hostkeys-00@openssh.com" global request from server.
DEB [20180301-22:46:02.070] thr=1   paramiko.transport: [chan 0] Max packet out: 32768 bytes
DEB [20180301-22:46:02.071] thr=1   paramiko.transport: Secsh channel 0 opened.
DEB [20180301-22:46:02.100] thr=1   paramiko.transport: [chan 0] Sesch channel 0 request ok
DEB [20180301-22:46:02.114] thr=1   paramiko.transport: [chan 0] Sesch channel 0 request ok
DEB [20180301-22:46:16.832] thr=1   paramiko.transport: EOF in transport thread
DEB [20180301-22:46:31.036] thr=1   paramiko.transport: starting thread (client mode): 0x1419ee48
DEB [20180301-22:46:31.037] thr=1   paramiko.transport: Local version/idstring: SSH-2.0-paramiko_2.4.0
DEB [20180301-22:46:31.184] thr=1   paramiko.transport: Remote version/idstring: SSH-2.0-OpenSSH_7.4p1 Raspbian-10+deb9u2
INF [20180301-22:46:31.184] thr=1   paramiko.transport: Connected (version 2.0, client OpenSSH_7.4p1)
DEB [20180301-22:46:31.203] thr=1   paramiko.transport: kex algos:['curve25519-sha256', 'curve25519-sha256@libssh.org', 'ecdh-sha2-nistp256', 'ecdh-sha2-nistp384', 'ecdh-sha2-nistp521', 'diffie-hellman-group-exchange-sha256', 'diffie-hellman-group16-sha512', 'diffie-hellman-group18-sha512', 'diffie-hellman-group14-sha256', 'diffie-hellman-group14-sha1'] server key:['ssh-rsa', 'rsa-sha2-512', 'rsa-sha2-256', 'ecdsa-sha2-nistp256', 'ssh-ed25519'] client encrypt:['chacha20-poly1305@openssh.com', 'aes128-ctr', 'aes192-ctr', 'aes256-ctr', 'aes128-gcm@openssh.com', 'aes256-gcm@openssh.com'] server encrypt:['chacha20-poly1305@openssh.com', 'aes128-ctr', 'aes192-ctr', 'aes256-ctr', 'aes128-gcm@openssh.com', 'aes256-gcm@openssh.com'] client mac:['umac-64-etm@openssh.com', 'umac-128-etm@openssh.com', 'hmac-sha2-256-etm@openssh.com', 'hmac-sha2-512-etm@openssh.com', 'hmac-sha1-etm@openssh.com', 'umac-64@openssh.com', 'umac-128@openssh.com', 'hmac-sha2-256', 'hmac-sha2-512', 'hmac-sha1'] server mac:['umac-64-etm@openssh.com', 'umac-128-etm@openssh.com', 'hmac-sha2-256-etm@openssh.com', 'hmac-sha2-512-etm@openssh.com', 'hmac-sha1-etm@openssh.com', 'umac-64@openssh.com', 'umac-128@openssh.com', 'hmac-sha2-256', 'hmac-sha2-512', 'hmac-sha1'] client compress:['none', 'zlib@openssh.com'] server compress:['none', 'zlib@openssh.com'] client lang:[''] server lang:[''] kex follows?False
DEB [20180301-22:46:31.203] thr=1   paramiko.transport: Kex agreed: ecdh-sha2-nistp256
DEB [20180301-22:46:31.203] thr=1   paramiko.transport: HostKey agreed: ecdsa-sha2-nistp256
DEB [20180301-22:46:31.203] thr=1   paramiko.transport: Cipher agreed: aes128-ctr
DEB [20180301-22:46:31.204] thr=1   paramiko.transport: MAC agreed: hmac-sha2-256
DEB [20180301-22:46:31.204] thr=1   paramiko.transport: Compression agreed: none
DEB [20180301-22:46:31.269] thr=1   paramiko.transport: kex engine KexNistp256 specified hash_algo <built-in function openssl_sha256>
DEB [20180301-22:46:31.269] thr=1   paramiko.transport: Switch to new keys ...
DEB [20180301-22:46:31.273] thr=2   paramiko.transport: Trying discovered key b'1b77a9dbbc9bec570e2edb2795b89817' in /Users/georgehito/.ssh/id_rsa
DEB [20180301-22:46:31.281] thr=1   paramiko.transport: userauth is OK
INF [20180301-22:46:31.342] thr=1   paramiko.transport: Authentication (publickey) failed.
DEB [20180301-22:46:31.347] thr=1   paramiko.transport: userauth is OK
INF [20180301-22:46:31.735] thr=1   paramiko.transport: Authentication (password) successful!
DEB [20180301-22:46:31.735] thr=2   paramiko.transport: [chan 0] Max packet in: 32768 bytes
DEB [20180301-22:46:32.063] thr=1   paramiko.transport: Received global request "hostkeys-00@openssh.com"
DEB [20180301-22:46:32.063] thr=1   paramiko.transport: Rejecting "hostkeys-00@openssh.com" global request from server.
DEB [20180301-22:46:32.068] thr=1   paramiko.transport: [chan 0] Max packet out: 32768 bytes
DEB [20180301-22:46:32.071] thr=1   paramiko.transport: Secsh channel 0 opened.
DEB [20180301-22:46:32.097] thr=1   paramiko.transport: [chan 0] Sesch channel 0 request ok
DEB [20180301-22:46:32.103] thr=1   paramiko.transport: [chan 0] Sesch channel 0 request ok
DEB [20180301-22:46:47.333] thr=1   paramiko.transport: EOF in transport thread
DEB [20180302-00:00:26.225] thr=1   paramiko.transport: starting thread (client mode): 0x1802b470
DEB [20180302-00:00:26.226] thr=1   paramiko.transport: Local version/idstring: SSH-2.0-paramiko_2.4.0
DEB [20180302-00:00:26.350] thr=1   paramiko.transport: Remote version/idstring: SSH-2.0-OpenSSH_7.4p1 Raspbian-10+deb9u2
INF [20180302-00:00:26.351] thr=1   paramiko.transport: Connected (version 2.0, client OpenSSH_7.4p1)
DEB [20180302-00:00:26.359] thr=1   paramiko.transport: kex algos:['curve25519-sha256', 'curve25519-sha256@libssh.org', 'ecdh-sha2-nistp256', 'ecdh-sha2-nistp384', 'ecdh-sha2-nistp521', 'diffie-hellman-group-exchange-sha256', 'diffie-hellman-group16-sha512', 'diffie-hellman-group18-sha512', 'diffie-hellman-group14-sha256', 'diffie-hellman-group14-sha1'] server key:['ssh-rsa', 'rsa-sha2-512', 'rsa-sha2-256', 'ecdsa-sha2-nistp256', 'ssh-ed25519'] client encrypt:['chacha20-poly1305@openssh.com', 'aes128-ctr', 'aes192-ctr', 'aes256-ctr', 'aes128-gcm@openssh.com', 'aes256-gcm@openssh.com'] server encrypt:['chacha20-poly1305@openssh.com', 'aes128-ctr', 'aes192-ctr', 'aes256-ctr', 'aes128-gcm@openssh.com', 'aes256-gcm@openssh.com'] client mac:['umac-64-etm@openssh.com', 'umac-128-etm@openssh.com', 'hmac-sha2-256-etm@openssh.com', 'hmac-sha2-512-etm@openssh.com', 'hmac-sha1-etm@openssh.com', 'umac-64@openssh.com', 'umac-128@openssh.com', 'hmac-sha2-256', 'hmac-sha2-512', 'hmac-sha1'] server mac:['umac-64-etm@openssh.com', 'umac-128-etm@openssh.com', 'hmac-sha2-256-etm@openssh.com', 'hmac-sha2-512-etm@openssh.com', 'hmac-sha1-etm@openssh.com', 'umac-64@openssh.com', 'umac-128@openssh.com', 'hmac-sha2-256', 'hmac-sha2-512', 'hmac-sha1'] client compress:['none', 'zlib@openssh.com'] server compress:['none', 'zlib@openssh.com'] client lang:[''] server lang:[''] kex follows?False
DEB [20180302-00:00:26.360] thr=1   paramiko.transport: Kex agreed: ecdh-sha2-nistp256
DEB [20180302-00:00:26.360] thr=1   paramiko.transport: HostKey agreed: ecdsa-sha2-nistp256
DEB [20180302-00:00:26.360] thr=1   paramiko.transport: Cipher agreed: aes128-ctr
DEB [20180302-00:00:26.360] thr=1   paramiko.transport: MAC agreed: hmac-sha2-256
DEB [20180302-00:00:26.360] thr=1   paramiko.transport: Compression agreed: none
DEB [20180302-00:00:26.410] thr=1   paramiko.transport: kex engine KexNistp256 specified hash_algo <built-in function openssl_sha256>
DEB [20180302-00:00:26.411] thr=1   paramiko.transport: Switch to new keys ...
DEB [20180302-00:00:26.417] thr=2   paramiko.transport: Trying discovered key b'1b77a9dbbc9bec570e2edb2795b89817' in /Users/georgehito/.ssh/id_rsa
DEB [20180302-00:00:26.462] thr=1   paramiko.transport: userauth is OK
INF [20180302-00:00:26.514] thr=1   paramiko.transport: Authentication (publickey) failed.
DEB [20180302-00:00:26.518] thr=1   paramiko.transport: userauth is OK
INF [20180302-00:00:26.720] thr=1   paramiko.transport: Authentication (password) successful!
DEB [20180302-00:00:26.722] thr=2   paramiko.transport: [chan 0] Max packet in: 32768 bytes
DEB [20180302-00:00:27.103] thr=1   paramiko.transport: Received global request "hostkeys-00@openssh.com"
DEB [20180302-00:00:27.103] thr=1   paramiko.transport: Rejecting "hostkeys-00@openssh.com" global request from server.
DEB [20180302-00:00:27.115] thr=1   paramiko.transport: [chan 0] Max packet out: 32768 bytes
DEB [20180302-00:00:27.116] thr=1   paramiko.transport: Secsh channel 0 opened.
DEB [20180302-00:00:27.134] thr=1   paramiko.transport: [chan 0] Sesch channel 0 request ok
DEB [20180302-00:00:27.143] thr=1   paramiko.transport: [chan 0] Sesch channel 0 request ok
DEB [20180302-00:00:56.448] thr=1   paramiko.transport: EOF in transport thread
DEB [20180302-00:02:19.444] thr=1   paramiko.transport: starting thread (client mode): 0x1aa77a20
DEB [20180302-00:02:19.444] thr=1   paramiko.transport: Local version/idstring: SSH-2.0-paramiko_2.4.0
DEB [20180302-00:02:19.569] thr=1   paramiko.transport: Remote version/idstring: SSH-2.0-OpenSSH_7.4p1 Raspbian-10+deb9u2
INF [20180302-00:02:19.569] thr=1   paramiko.transport: Connected (version 2.0, client OpenSSH_7.4p1)
DEB [20180302-00:02:19.578] thr=1   paramiko.transport: kex algos:['curve25519-sha256', 'curve25519-sha256@libssh.org', 'ecdh-sha2-nistp256', 'ecdh-sha2-nistp384', 'ecdh-sha2-nistp521', 'diffie-hellman-group-exchange-sha256', 'diffie-hellman-group16-sha512', 'diffie-hellman-group18-sha512', 'diffie-hellman-group14-sha256', 'diffie-hellman-group14-sha1'] server key:['ssh-rsa', 'rsa-sha2-512', 'rsa-sha2-256', 'ecdsa-sha2-nistp256', 'ssh-ed25519'] client encrypt:['chacha20-poly1305@openssh.com', 'aes128-ctr', 'aes192-ctr', 'aes256-ctr', 'aes128-gcm@openssh.com', 'aes256-gcm@openssh.com'] server encrypt:['chacha20-poly1305@openssh.com', 'aes128-ctr', 'aes192-ctr', 'aes256-ctr', 'aes128-gcm@openssh.com', 'aes256-gcm@openssh.com'] client mac:['umac-64-etm@openssh.com', 'umac-128-etm@openssh.com', 'hmac-sha2-256-etm@openssh.com', 'hmac-sha2-512-etm@openssh.com', 'hmac-sha1-etm@openssh.com', 'umac-64@openssh.com', 'umac-128@openssh.com', 'hmac-sha2-256', 'hmac-sha2-512', 'hmac-sha1'] server mac:['umac-64-etm@openssh.com', 'umac-128-etm@openssh.com', 'hmac-sha2-256-etm@openssh.com', 'hmac-sha2-512-etm@openssh.com', 'hmac-sha1-etm@openssh.com', 'umac-64@openssh.com', 'umac-128@openssh.com', 'hmac-sha2-256', 'hmac-sha2-512', 'hmac-sha1'] client compress:['none', 'zlib@openssh.com'] server compress:['none', 'zlib@openssh.com'] client lang:[''] server lang:[''] kex follows?False
DEB [20180302-00:02:19.578] thr=1   paramiko.transport: Kex agreed: ecdh-sha2-nistp256
DEB [20180302-00:02:19.578] thr=1   paramiko.transport: HostKey agreed: ecdsa-sha2-nistp256
DEB [20180302-00:02:19.578] thr=1   paramiko.transport: Cipher agreed: aes128-ctr
DEB [20180302-00:02:19.579] thr=1   paramiko.transport: MAC agreed: hmac-sha2-256
DEB [20180302-00:02:19.579] thr=1   paramiko.transport: Compression agreed: none
DEB [20180302-00:02:19.628] thr=1   paramiko.transport: kex engine KexNistp256 specified hash_algo <built-in function openssl_sha256>
DEB [20180302-00:02:19.629] thr=1   paramiko.transport: Switch to new keys ...
DEB [20180302-00:02:19.637] thr=2   paramiko.transport: Trying discovered key b'1b77a9dbbc9bec570e2edb2795b89817' in /Users/georgehito/.ssh/id_rsa
DEB [20180302-00:02:19.681] thr=1   paramiko.transport: userauth is OK
INF [20180302-00:02:19.733] thr=1   paramiko.transport: Authentication (publickey) failed.
DEB [20180302-00:02:19.737] thr=1   paramiko.transport: userauth is OK
INF [20180302-00:02:19.946] thr=1   paramiko.transport: Authentication (password) successful!
DEB [20180302-00:02:19.947] thr=2   paramiko.transport: [chan 0] Max packet in: 32768 bytes
DEB [20180302-00:02:20.296] thr=1   paramiko.transport: Received global request "hostkeys-00@openssh.com"
DEB [20180302-00:02:20.296] thr=1   paramiko.transport: Rejecting "hostkeys-00@openssh.com" global request from server.
DEB [20180302-00:02:20.307] thr=1   paramiko.transport: [chan 0] Max packet out: 32768 bytes
DEB [20180302-00:02:20.307] thr=1   paramiko.transport: Secsh channel 0 opened.
DEB [20180302-00:02:20.325] thr=1   paramiko.transport: [chan 0] Sesch channel 0 request ok
DEB [20180302-00:02:20.331] thr=1   paramiko.transport: [chan 0] Sesch channel 0 request ok
DEB [20180302-00:26:42.225] thr=2   paramiko.transport: [chan 0] EOF sent (0)
DEB [20180302-00:26:42.327] thr=1   paramiko.transport: EOF in transport thread
DEB [20180302-00:27:01.501] thr=1   paramiko.transport: starting thread (client mode): 0x11b1e390
DEB [20180302-00:27:01.502] thr=1   paramiko.transport: Local version/idstring: SSH-2.0-paramiko_2.4.0
DEB [20180302-00:27:01.676] thr=1   paramiko.transport: Remote version/idstring: SSH-2.0-OpenSSH_7.4p1 Raspbian-10+deb9u2
INF [20180302-00:27:01.677] thr=1   paramiko.transport: Connected (version 2.0, client OpenSSH_7.4p1)
DEB [20180302-00:27:01.691] thr=1   paramiko.transport: kex algos:['curve25519-sha256', 'curve25519-sha256@libssh.org', 'ecdh-sha2-nistp256', 'ecdh-sha2-nistp384', 'ecdh-sha2-nistp521', 'diffie-hellman-group-exchange-sha256', 'diffie-hellman-group16-sha512', 'diffie-hellman-group18-sha512', 'diffie-hellman-group14-sha256', 'diffie-hellman-group14-sha1'] server key:['ssh-rsa', 'rsa-sha2-512', 'rsa-sha2-256', 'ecdsa-sha2-nistp256', 'ssh-ed25519'] client encrypt:['chacha20-poly1305@openssh.com', 'aes128-ctr', 'aes192-ctr', 'aes256-ctr', 'aes128-gcm@openssh.com', 'aes256-gcm@openssh.com'] server encrypt:['chacha20-poly1305@openssh.com', 'aes128-ctr', 'aes192-ctr', 'aes256-ctr', 'aes128-gcm@openssh.com', 'aes256-gcm@openssh.com'] client mac:['umac-64-etm@openssh.com', 'umac-128-etm@openssh.com', 'hmac-sha2-256-etm@openssh.com', 'hmac-sha2-512-etm@openssh.com', 'hmac-sha1-etm@openssh.com', 'umac-64@openssh.com', 'umac-128@openssh.com', 'hmac-sha2-256', 'hmac-sha2-512', 'hmac-sha1'] server mac:['umac-64-etm@openssh.com', 'umac-128-etm@openssh.com', 'hmac-sha2-256-etm@openssh.com', 'hmac-sha2-512-etm@openssh.com', 'hmac-sha1-etm@openssh.com', 'umac-64@openssh.com', 'umac-128@openssh.com', 'hmac-sha2-256', 'hmac-sha2-512', 'hmac-sha1'] client compress:['none', 'zlib@openssh.com'] server compress:['none', 'zlib@openssh.com'] client lang:[''] server lang:[''] kex follows?False
DEB [20180302-00:27:01.691] thr=1   paramiko.transport: Kex agreed: ecdh-sha2-nistp256
DEB [20180302-00:27:01.691] thr=1   paramiko.transport: HostKey agreed: ecdsa-sha2-nistp256
DEB [20180302-00:27:01.691] thr=1   paramiko.transport: Cipher agreed: aes128-ctr
DEB [20180302-00:27:01.691] thr=1   paramiko.transport: MAC agreed: hmac-sha2-256
DEB [20180302-00:27:01.691] thr=1   paramiko.transport: Compression agreed: none
DEB [20180302-00:27:01.766] thr=1   paramiko.transport: kex engine KexNistp256 specified hash_algo <built-in function openssl_sha256>
DEB [20180302-00:27:01.767] thr=1   paramiko.transport: Switch to new keys ...
DEB [20180302-00:27:01.771] thr=2   paramiko.transport: Trying discovered key b'1b77a9dbbc9bec570e2edb2795b89817' in /Users/georgehito/.ssh/id_rsa
DEB [20180302-00:27:01.773] thr=1   paramiko.transport: userauth is OK
INF [20180302-00:27:01.852] thr=1   paramiko.transport: Authentication (publickey) failed.
DEB [20180302-00:27:01.856] thr=1   paramiko.transport: userauth is OK
INF [20180302-00:27:02.258] thr=1   paramiko.transport: Authentication (password) successful!
DEB [20180302-00:27:02.259] thr=2   paramiko.transport: [chan 0] Max packet in: 32768 bytes
DEB [20180302-00:27:02.653] thr=1   paramiko.transport: Received global request "hostkeys-00@openssh.com"
DEB [20180302-00:27:02.653] thr=1   paramiko.transport: Rejecting "hostkeys-00@openssh.com" global request from server.
DEB [20180302-00:27:02.655] thr=1   paramiko.transport: [chan 0] Max packet out: 32768 bytes
DEB [20180302-00:27:02.655] thr=1   paramiko.transport: Secsh channel 0 opened.
DEB [20180302-00:27:02.672] thr=1   paramiko.transport: [chan 0] Sesch channel 0 request ok
DEB [20180302-00:27:02.681] thr=1   paramiko.transport: [chan 0] Sesch channel 0 request ok
DEB [20180302-00:27:11.977] thr=2   paramiko.transport: [chan 0] EOF sent (0)
DEB [20180302-00:27:11.981] thr=1   paramiko.transport: EOF in transport thread
DEB [20180302-00:29:12.797] thr=1   paramiko.transport: starting thread (client mode): 0x18609908
DEB [20180302-00:29:12.798] thr=1   paramiko.transport: Local version/idstring: SSH-2.0-paramiko_2.4.0
DEB [20180302-00:29:12.910] thr=1   paramiko.transport: Remote version/idstring: SSH-2.0-OpenSSH_7.4p1 Raspbian-10+deb9u2
INF [20180302-00:29:12.911] thr=1   paramiko.transport: Connected (version 2.0, client OpenSSH_7.4p1)
DEB [20180302-00:29:12.921] thr=1   paramiko.transport: kex algos:['curve25519-sha256', 'curve25519-sha256@libssh.org', 'ecdh-sha2-nistp256', 'ecdh-sha2-nistp384', 'ecdh-sha2-nistp521', 'diffie-hellman-group-exchange-sha256', 'diffie-hellman-group16-sha512', 'diffie-hellman-group18-sha512', 'diffie-hellman-group14-sha256', 'diffie-hellman-group14-sha1'] server key:['ssh-rsa', 'rsa-sha2-512', 'rsa-sha2-256', 'ecdsa-sha2-nistp256', 'ssh-ed25519'] client encrypt:['chacha20-poly1305@openssh.com', 'aes128-ctr', 'aes192-ctr', 'aes256-ctr', 'aes128-gcm@openssh.com', 'aes256-gcm@openssh.com'] server encrypt:['chacha20-poly1305@openssh.com', 'aes128-ctr', 'aes192-ctr', 'aes256-ctr', 'aes128-gcm@openssh.com', 'aes256-gcm@openssh.com'] client mac:['umac-64-etm@openssh.com', 'umac-128-etm@openssh.com', 'hmac-sha2-256-etm@openssh.com', 'hmac-sha2-512-etm@openssh.com', 'hmac-sha1-etm@openssh.com', 'umac-64@openssh.com', 'umac-128@openssh.com', 'hmac-sha2-256', 'hmac-sha2-512', 'hmac-sha1'] server mac:['umac-64-etm@openssh.com', 'umac-128-etm@openssh.com', 'hmac-sha2-256-etm@openssh.com', 'hmac-sha2-512-etm@openssh.com', 'hmac-sha1-etm@openssh.com', 'umac-64@openssh.com', 'umac-128@openssh.com', 'hmac-sha2-256', 'hmac-sha2-512', 'hmac-sha1'] client compress:['none', 'zlib@openssh.com'] server compress:['none', 'zlib@openssh.com'] client lang:[''] server lang:[''] kex follows?False
DEB [20180302-00:29:12.921] thr=1   paramiko.transport: Kex agreed: ecdh-sha2-nistp256
DEB [20180302-00:29:12.921] thr=1   paramiko.transport: HostKey agreed: ecdsa-sha2-nistp256
DEB [20180302-00:29:12.922] thr=1   paramiko.transport: Cipher agreed: aes128-ctr
DEB [20180302-00:29:12.922] thr=1   paramiko.transport: MAC agreed: hmac-sha2-256
DEB [20180302-00:29:12.923] thr=1   paramiko.transport: Compression agreed: none
DEB [20180302-00:29:12.976] thr=1   paramiko.transport: kex engine KexNistp256 specified hash_algo <built-in function openssl_sha256>
DEB [20180302-00:29:12.978] thr=1   paramiko.transport: Switch to new keys ...
DEB [20180302-00:29:12.983] thr=2   paramiko.transport: Trying discovered key b'1b77a9dbbc9bec570e2edb2795b89817' in /Users/georgehito/.ssh/id_rsa
DEB [20180302-00:29:13.036] thr=1   paramiko.transport: userauth is OK
INF [20180302-00:29:13.086] thr=1   paramiko.transport: Authentication (publickey) failed.
DEB [20180302-00:29:13.089] thr=1   paramiko.transport: userauth is OK
INF [20180302-00:29:13.310] thr=1   paramiko.transport: Authentication (password) successful!
DEB [20180302-00:29:13.312] thr=2   paramiko.transport: [chan 0] Max packet in: 32768 bytes
DEB [20180302-00:29:13.611] thr=1   paramiko.transport: Received global request "hostkeys-00@openssh.com"
DEB [20180302-00:29:13.634] thr=1   paramiko.transport: Rejecting "hostkeys-00@openssh.com" global request from server.
DEB [20180302-00:29:13.635] thr=1   paramiko.transport: [chan 0] Max packet out: 32768 bytes
DEB [20180302-00:29:13.635] thr=1   paramiko.transport: Secsh channel 0 opened.
DEB [20180302-00:29:13.664] thr=1   paramiko.transport: [chan 0] Sesch channel 0 request ok
DEB [20180302-00:29:13.694] thr=1   paramiko.transport: [chan 0] Sesch channel 0 request ok
DEB [20180302-00:29:21.137] thr=1   paramiko.transport: EOF in transport thread
